0 info it worked if it ends with ok
1 verbose cli [ 'C:\\Program Files\\nodejs\\node.exe',
1 verbose cli   'C:\\Program Files\\nodejs\\node_modules\\npm\\bin\\npm-cli.js',
1 verbose cli   'install',
1 verbose cli   'sqlite3',
1 verbose cli   '--save' ]
2 info using npm@3.10.10
3 info using node@v6.10.2
4 silly loadCurrentTree Starting
5 silly install loadCurrentTree
6 silly install readLocalPackageData
7 silly fetchPackageMetaData sqlite3
8 silly fetchNamedPackageData sqlite3
9 silly mapToRegistry name sqlite3
10 silly mapToRegistry using default registry
11 silly mapToRegistry registry https://registry.npmjs.org/
12 silly mapToRegistry data Result {
12 silly mapToRegistry   raw: 'sqlite3',
12 silly mapToRegistry   scope: null,
12 silly mapToRegistry   escapedName: 'sqlite3',
12 silly mapToRegistry   name: 'sqlite3',
12 silly mapToRegistry   rawSpec: '',
12 silly mapToRegistry   spec: 'latest',
12 silly mapToRegistry   type: 'tag' }
13 silly mapToRegistry uri https://registry.npmjs.org/sqlite3
14 verbose request uri https://registry.npmjs.org/sqlite3
15 verbose request no auth needed
16 info attempt registry request try #1 at 13:56:47
17 verbose request id de8cea7830908629
18 verbose etag W/"5976690c-228ce"
19 verbose lastModified Mon, 24 Jul 2017 21:39:24 GMT
20 http request GET https://registry.npmjs.org/sqlite3
21 http 200 https://registry.npmjs.org/sqlite3
22 verbose headers { server: 'nginx/1.10.1',
22 verbose headers   'content-type': 'application/json',
22 verbose headers   'last-modified': 'Sat, 05 Aug 2017 00:50:06 GMT',
22 verbose headers   etag: 'W/"5985163e-23339"',
22 verbose headers   'content-encoding': 'gzip',
22 verbose headers   'cache-control': 'max-age=300',
22 verbose headers   'content-length': '12343',
22 verbose headers   'accept-ranges': 'bytes',
22 verbose headers   date: 'Fri, 11 Aug 2017 05:56:48 GMT',
22 verbose headers   via: '1.1 varnish',
22 verbose headers   age: '0',
22 verbose headers   connection: 'keep-alive',
22 verbose headers   'x-served-by': 'cache-nrt6120-NRT',
22 verbose headers   'x-cache': 'HIT',
22 verbose headers   'x-cache-hits': '1',
22 verbose headers   'x-timer': 'S1502431009.715768,VS0,VE111',
22 verbose headers   vary: 'Accept-Encoding, Accept' }
23 silly get cb [ 200,
23 silly get   { server: 'nginx/1.10.1',
23 silly get     'content-type': 'application/json',
23 silly get     'last-modified': 'Sat, 05 Aug 2017 00:50:06 GMT',
23 silly get     etag: 'W/"5985163e-23339"',
23 silly get     'content-encoding': 'gzip',
23 silly get     'cache-control': 'max-age=300',
23 silly get     'content-length': '12343',
23 silly get     'accept-ranges': 'bytes',
23 silly get     date: 'Fri, 11 Aug 2017 05:56:48 GMT',
23 silly get     via: '1.1 varnish',
23 silly get     age: '0',
23 silly get     connection: 'keep-alive',
23 silly get     'x-served-by': 'cache-nrt6120-NRT',
23 silly get     'x-cache': 'HIT',
23 silly get     'x-cache-hits': '1',
23 silly get     'x-timer': 'S1502431009.715768,VS0,VE111',
23 silly get     vary: 'Accept-Encoding, Accept' } ]
24 verbose get saving sqlite3 to C:\Users\huiming_zhang\AppData\Roaming\npm-cache\registry.npmjs.org\sqlite3\.cache.json
25 verbose correctMkdir C:\Users\huiming_zhang\AppData\Roaming\npm-cache correctMkdir not in flight; initializing
26 silly install normalizeTree
27 silly loadCurrentTree Finishing
28 silly loadIdealTree Starting
29 silly install loadIdealTree
30 silly cloneCurrentTree Starting
31 silly install cloneCurrentTreeToIdealTree
32 silly cloneCurrentTree Finishing
33 silly loadShrinkwrap Starting
34 silly install loadShrinkwrap
35 silly loadShrinkwrap Finishing
36 silly loadAllDepsIntoIdealTree Starting
37 silly install loadAllDepsIntoIdealTree
38 silly resolveWithNewModule sqlite3@3.1.9 checking installable status
39 silly cache add args [ 'sqlite3', null ]
40 verbose cache add spec sqlite3
41 silly cache add parsed spec Result {
41 silly cache add   raw: 'sqlite3',
41 silly cache add   scope: null,
41 silly cache add   escapedName: 'sqlite3',
41 silly cache add   name: 'sqlite3',
41 silly cache add   rawSpec: '',
41 silly cache add   spec: 'latest',
41 silly cache add   type: 'tag' }
42 silly addNamed sqlite3@latest
43 verbose addNamed "latest" is being treated as a dist-tag for sqlite3
44 info addNameTag [ 'sqlite3', 'latest' ]
45 silly mapToRegistry name sqlite3
46 silly mapToRegistry using default registry
47 silly mapToRegistry registry https://registry.npmjs.org/
48 silly mapToRegistry data Result {
48 silly mapToRegistry   raw: 'sqlite3',
48 silly mapToRegistry   scope: null,
48 silly mapToRegistry   escapedName: 'sqlite3',
48 silly mapToRegistry   name: 'sqlite3',
48 silly mapToRegistry   rawSpec: '',
48 silly mapToRegistry   spec: 'latest',
48 silly mapToRegistry   type: 'tag' }
49 silly mapToRegistry uri https://registry.npmjs.org/sqlite3
50 verbose addNameTag registry:https://registry.npmjs.org/sqlite3 not in flight; fetching
51 verbose get https://registry.npmjs.org/sqlite3 not expired, no request
52 silly addNameTag next cb for sqlite3 with tag latest
53 silly addNamed sqlite3@3.1.9
54 verbose addNamed "3.1.9" is a plain semver version for sqlite3
55 silly mapToRegistry name sqlite3
56 silly mapToRegistry using default registry
57 silly mapToRegistry registry https://registry.npmjs.org/
58 silly mapToRegistry data Result {
58 silly mapToRegistry   raw: 'sqlite3',
58 silly mapToRegistry   scope: null,
58 silly mapToRegistry   escapedName: 'sqlite3',
58 silly mapToRegistry   name: 'sqlite3',
58 silly mapToRegistry   rawSpec: '',
58 silly mapToRegistry   spec: 'latest',
58 silly mapToRegistry   type: 'tag' }
59 silly mapToRegistry uri https://registry.npmjs.org/sqlite3
60 verbose addRemoteTarball https://registry.npmjs.org/sqlite3/-/sqlite3-3.1.9.tgz not in flight; adding
61 verbose addRemoteTarball [ 'https://registry.npmjs.org/sqlite3/-/sqlite3-3.1.9.tgz',
61 verbose addRemoteTarball   'b2e7fbaa348380318d3834323918c3c351b8bf18' ]
62 info retry fetch attempt 1 at 13:56:49
63 info attempt registry request try #1 at 13:56:49
64 http fetch GET https://registry.npmjs.org/sqlite3/-/sqlite3-3.1.9.tgz
65 http fetch 200 https://registry.npmjs.org/sqlite3/-/sqlite3-3.1.9.tgz
66 verbose stack Error: kill ENOSYS
66 verbose stack     at exports._errnoException (util.js:1018:11)
66 verbose stack     at process.kill (internal/process.js:190:13)
66 verbose stack     at process.listener (C:\Program Files\nodejs\node_modules\npm\node_modules\npmlog\node_modules\gauge\node_modules\signal-exit\index.js:86:15)
66 verbose stack     at emitNone (events.js:91:20)
66 verbose stack     at process.emit (events.js:185:7)
66 verbose stack     at processEmit (C:\Program Files\nodejs\node_modules\npm\node_modules\npmlog\node_modules\gauge\node_modules\signal-exit\index.js:146:32)
66 verbose stack     at processEmit (C:\Program Files\nodejs\node_modules\npm\node_modules\npm-registry-client\node_modules\npmlog\node_modules\gauge\node_modules\signal-exit\index.js:146:32)
66 verbose stack     at Signal.wrap.onsignal (internal/process.js:217:44)
67 verbose cwd D:\Codes\Github\SMS_Web
68 error Windows_NT 6.1.7601
69 error argv "C:\\Program Files\\nodejs\\node.exe" "C:\\Program Files\\nodejs\\node_modules\\npm\\bin\\npm-cli.js" "install" "sqlite3" "--save"
70 error node v6.10.2
71 error npm  v3.10.10
72 error code ENOSYS
73 error errno ENOSYS
74 error syscall kill
75 error kill ENOSYS
76 error If you need help, you may report this error at:
76 error     <https://github.com/npm/npm/issues>
77 verbose exit [ 1, true ]
